[16:28:58] [main/INFO]: Setting user: Player690
[16:28:59] [Client thread/INFO]: LWJGL Version: 2.9.1
[16:29:08] [Client thread/INFO]: Reloading ResourceManager: Default, FMLFileResourcePack:Forge Mod Loader, FMLFileResourcePack:Minecraft Forge, FMLFileResourcePack:Example Mod
[16:29:09] [Sound Library Loader/INFO]: Sound engine started
[16:29:12] [Client thread/INFO]: Created: 16x16 textures/blocks-atlas
[16:29:12] [Client thread/INFO]: Created: 16x16 textures/items-atlas
[16:29:12] [Client thread/INFO]: Reloading ResourceManager: Default, FMLFileResourcePack:Forge Mod Loader, FMLFileResourcePack:Minecraft Forge, FMLFileResourcePack:Example Mod
[16:29:12] [Client thread/INFO]: Created: 512x256 textures/blocks-atlas
[16:29:12] [Client thread/INFO]: Created: 256x256 textures/items-atlas
[16:29:13] [Sound Library Loader/INFO]: Sound engine started
[16:29:56] [Server thread/INFO]: Starting integrated minecraft server version 1.7.10
[16:29:56] [Server thread/INFO]: Generating keypair
[16:29:56] [Server thread/INFO]: Converting map!
[16:29:56] [Server thread/INFO]: Scanning folders...
[16:29:56] [Server thread/INFO]: Total conversion count is 0
[16:29:57] [Server thread/INFO]: Preparing start region for level 0
[16:29:58] [Server thread/INFO]: Preparing spawn area: 11%
[16:29:59] [Server thread/INFO]: Preparing spawn area: 29%
[16:30:00] [Server thread/INFO]: Preparing spawn area: 53%
[16:30:01] [Server thread/INFO]: Preparing spawn area: 73%
[16:30:02] [Server thread/INFO]: Preparing spawn area: 95%
[16:30:02] [Server thread/INFO]: Changing view distance to 12, from 10
[16:30:03] [Server thread/INFO]: Player690[local:E:9f99999e] logged in with entity id 273 at (244.5, 68.0, 202.5)
[16:30:03] [Server thread/INFO]: Player690 joined the game
[16:30:05] [Server thread/INFO]: Player690 has just earned the achievement [Taking Inventory]
[16:30:05] [Client thread/INFO]: [CHAT] Player690 has just earned the achievement [Taking Inventory]
[16:30:21] [Client thread/INFO]: Warning: Clientside chunk ticking took 214 ms
[16:32:01] [Client thread/INFO]: Stopping!
[16:32:01] [Server thread/INFO]: Stopping server
[16:32:01] [Server thread/INFO]: Saving players
[16:32:01] [Server thread/INFO]: Saving worlds
[16:32:01] [Server thread/INFO]: Saving chunks for level 'New World'/Overworld
[16:32:01] [Server thread/INFO]: Saving chunks for level 'New World'/Nether
[16:32:01] [Server thread/INFO]: Saving chunks for level 'New World'/The End
[16:32:02] [Client Shutdown Thread/INFO]: Stopping server
[16:32:02] [Client Shutdown Thread/INFO]: Saving players
